build/app/intermediates/manifest_merge_blame_file/release/manifest-merger-blame-release-report.txt
1<?xml version="1.0" encoding="utf-8"?>
2<manifest xmlns:android="http://schemas.android.com/apk/res/android"
3    package="com.edentech.foodie"
4    android:versionCode="4005"
5    android:versionName="1.6.0" >
6
7    <uses-sdk
8        android:minSdkVersion="21"
8-->src\main\AndroidManifest.xml
9        android:targetSdkVersion="28" />
9-->src\main\AndroidManifest.xml
10    <!--
11         io.flutter.app.FlutterApplication is an android.app.Application that
12         calls FlutterMain.startInitialization(this); in its onCreate method.
13         In most cases you can leave this as-is, but you if you want to provide
14         additional functionality it is fine to subclass or reimplement
15         FlutterApplication and put your custom class here.
16    -->
17    <uses-permission android:name="android.permission.INTERNET" />
17-->src\main\AndroidManifest.xml:8:5-67
17-->src\main\AndroidManifest.xml:8:22-64
18
19    <uses-feature
19-->src\main\AndroidManifest.xml:9:5-95
20        android:name="android.hardware.location.network"
20-->src\main\AndroidManifest.xml:9:19-67
21        android:required="false" />
21-->src\main\AndroidManifest.xml:9:68-92
22    <uses-feature
22-->src\main\AndroidManifest.xml:10:5-92
23        android:name="android.hardware.location.gps"
23-->src\main\AndroidManifest.xml:10:19-63
24        android:required="false" />
24-->src\main\AndroidManifest.xml:10:64-88
25
26    <uses-permission android:name="android.permission.ACCESS_NETWORK_STATE" />
26-->[:firebase_analytics] AndroidManifest.xml:7:5-79
26-->[:firebase_analytics] AndroidManifest.xml:7:22-76
27    <uses-permission android:name="android.permission.WAKE_LOCK" />
27-->[:firebase_analytics] AndroidManifest.xml:9:5-68
27-->[:firebase_analytics] AndroidManifest.xml:9:22-65
28    <uses-permission android:name="android.permission.READ_EXTERNAL_STORAGE" />
28-->[:file_picker] AndroidManifest.xml:7:5-80
28-->[:file_picker] AndroidManifest.xml:7:22-77
29
30    <queries>
30-->[:file_picker] AndroidManifest.xml:9:5-15:15
31        <intent>
31-->[:file_picker] AndroidManifest.xml:10:9-14:18
32            <action android:name="android.intent.action.GET_CONTENT" />
32-->[:file_picker] AndroidManifest.xml:11:13-72
32-->[:file_picker] AndroidManifest.xml:11:21-69
33
34            <data android:mimeType="*/*" />
34-->[:file_picker] AndroidManifest.xml:13:13-44
34-->[:file_picker] AndroidManifest.xml:13:19-41
35        </intent>
36    </queries>
37
38    <uses-permission android:name="android.permission.ACCESS_COARSE_LOCATION" />
38-->[:location] AndroidManifest.xml:7:5-81
38-->[:location] AndroidManifest.xml:7:22-78
39    <uses-permission android:name="android.permission.ACCESS_FINE_LOCATION" /> <!-- Required by older versions of Google Play services to create IID tokens -->
39-->[:location] AndroidManifest.xml:8:5-79
39-->[:location] AndroidManifest.xml:8:22-76
40    <uses-permission android:name="com.google.android.c2dm.permission.RECEIVE" />
40-->[com.google.firebase:firebase-messaging:22.0.0] AndroidManifest.xml:25:5-82
40-->[com.google.firebase:firebase-messaging:22.0.0] AndroidManifest.xml:25:22-79
41    <uses-permission android:name="com.google.android.finsky.permission.BIND_GET_INSTALL_REFERRER_SERVICE" />
41-->[com.google.android.gms:play-services-measurement:19.0.0] AndroidManifest.xml:26:5-110
41-->[com.google.android.gms:play-services-measurement:19.0.0] AndroidManifest.xml:26:22-107
42
43    <uses-feature
43-->[com.google.android.gms:play-services-maps:17.0.0] AndroidManifest.xml:26:5-28:35
44        android:glEsVersion="0x00020000"
44-->[com.google.android.gms:play-services-maps:17.0.0] AndroidManifest.xml:27:9-41
45        android:required="true" />
45-->[com.google.android.gms:play-services-maps:17.0.0] AndroidManifest.xml:28:9-32
46
47    <application
47-->src\main\AndroidManifest.xml:12:5-53:19
48        android:name="io.flutter.app.FlutterApplication"
48-->src\main\AndroidManifest.xml:13:9-57
49        android:appComponentFactory="androidx.core.app.CoreComponentFactory"
49-->[androidx.core:core:1.3.2] AndroidManifest.xml:24:18-86
50        android:icon="@mipmap/ic_launcher"
50-->src\main\AndroidManifest.xml:15:9-43
51        android:label="Foodie"
51-->src\main\AndroidManifest.xml:14:9-31
52        android:requestLegacyExternalStorage="true" >
52-->src\main\AndroidManifest.xml:16:9-52
53        <activity
53-->src\main\AndroidManifest.xml:17:9-45:20
54            android:name="com.edentech.foodie.MainActivity"
54-->src\main\AndroidManifest.xml:18:13-41
55            android:configChanges="orientation|keyboardHidden|keyboard|screenSize|smallestScreenSize|locale|layoutDirection|fontScale|screenLayout|density|uiMode"
55-->src\main\AndroidManifest.xml:21:13-163
56            android:hardwareAccelerated="true"
56-->src\main\AndroidManifest.xml:22:13-47
57            android:launchMode="singleTop"
57-->src\main\AndroidManifest.xml:19:13-43
58            android:theme="@style/LaunchTheme"
58-->src\main\AndroidManifest.xml:20:13-47
59            android:windowSoftInputMode="adjustResize" >
59-->src\main\AndroidManifest.xml:23:13-55
60
61            <!--
62                 Specifies an Android theme to apply to this Activity as soon as
63                 the Android process has started. This theme is visible to the user
64                 while the Flutter UI initializes. After that, this theme continues
65                 to determine the Window background behind the Flutter UI.
66            -->
67            <meta-data
67-->src\main\AndroidManifest.xml:28:13-31:17
68                android:name="io.flutter.embedding.android.NormalTheme"
68-->src\main\AndroidManifest.xml:29:15-70
69                android:resource="@style/NormalTheme" />
69-->src\main\AndroidManifest.xml:30:15-52
70            <!--
71                 Displays an Android View that continues showing the launch screen
72                 Drawable until Flutter paints its first frame, then this splash
73                 screen fades out. A splash screen is useful to avoid any visual
74                 gap between the end of Android's launch screen and the painting of
75                 Flutter's first frame.
76            -->
77            <meta-data
77-->src\main\AndroidManifest.xml:37:13-40:17
78                android:name="io.flutter.embedding.android.SplashScreenDrawable"
78-->src\main\AndroidManifest.xml:38:15-79
79                android:resource="@drawable/launch_background" />
79-->src\main\AndroidManifest.xml:39:15-61
80
81            <intent-filter>
81-->src\main\AndroidManifest.xml:41:13-44:29
82                <action android:name="android.intent.action.MAIN" />
82-->src\main\AndroidManifest.xml:42:17-68
82-->src\main\AndroidManifest.xml:42:25-66
83
84                <category android:name="android.intent.category.LAUNCHER" />
84-->src\main\AndroidManifest.xml:43:17-76
84-->src\main\AndroidManifest.xml:43:27-74
85            </intent-filter>
86        </activity>
87        <!--
88             Don't delete the meta-data below.
89             This is used by the Flutter tool to generate GeneratedPluginRegistrant.java
90        -->
91        <meta-data
91-->src\main\AndroidManifest.xml:48:9-50:33
92            android:name="flutterEmbedding"
92-->src\main\AndroidManifest.xml:49:13-44
93            android:value="2" />
93-->src\main\AndroidManifest.xml:50:13-30
94        <meta-data
94-->src\main\AndroidManifest.xml:51:9-52:70
95            android:name="com.google.android.geo.API_KEY"
95-->src\main\AndroidManifest.xml:51:20-65
96            android:value="AIzaSyATm1Umzz6ruzwRIbNV4uC1iAhoRQFaVCY" />
96-->src\main\AndroidManifest.xml:52:13-68
97
98        <service
98-->[:firebase_database] AndroidManifest.xml:8:9-12:19
99            android:name="com.google.firebase.components.ComponentDiscoveryService"
99-->[:firebase_database] AndroidManifest.xml:8:18-89
100            android:directBootAware="true"
100-->[com.google.firebase:firebase-common:20.0.0] AndroidManifest.xml:35:13-43
101            android:exported="false" >
101-->[com.google.firebase:firebase-auth:21.0.1] AndroidManifest.xml:76:13-37
102            <meta-data
102-->[:firebase_database] AndroidManifest.xml:9:13-11:85
103                android:name="com.google.firebase.components:io.flutter.plugins.firebase.database.FlutterFirebaseAppRegistrar"
103-->[:firebase_database] AndroidManifest.xml:10:17-127
104                android:value="com.google.firebase.components.ComponentRegistrar" />
104-->[:firebase_database] AndroidManifest.xml:11:17-82
105            <meta-data
105-->[:firebase_analytics] AndroidManifest.xml:13:13-15:85
106                android:name="com.google.firebase.components:io.flutter.plugins.firebaseanalytics.FlutterFirebaseAppRegistrar"
106-->[:firebase_analytics] AndroidManifest.xml:14:17-127
107                android:value="com.google.firebase.components.ComponentRegistrar" />
107-->[:firebase_analytics] AndroidManifest.xml:15:17-82
108            <meta-data
108-->[:firebase_auth] AndroidManifest.xml:9:13-11:85
109                android:name="com.google.firebase.components:io.flutter.plugins.firebase.auth.FlutterFirebaseAuthRegistrar"
109-->[:firebase_auth] AndroidManifest.xml:10:17-124
110                android:value="com.google.firebase.components.ComponentRegistrar" />
110-->[:firebase_auth] AndroidManifest.xml:11:17-82
111            <meta-data
111-->[:firebase_messaging] AndroidManifest.xml:34:13-36:85
112                android:name="com.google.firebase.components:io.flutter.plugins.firebase.messaging.FlutterFirebaseAppRegistrar"
112-->[:firebase_messaging] AndroidManifest.xml:35:17-128
113                android:value="com.google.firebase.components.ComponentRegistrar" />
113-->[:firebase_messaging] AndroidManifest.xml:36:17-82
114            <meta-data
114-->[:firebase_core] AndroidManifest.xml:9:13-11:85
115                android:name="com.google.firebase.components:io.flutter.plugins.firebase.core.FlutterFirebaseCoreRegistrar"
115-->[:firebase_core] AndroidManifest.xml:10:17-124
116                android:value="com.google.firebase.components.ComponentRegistrar" />
116-->[:firebase_core] AndroidManifest.xml:11:17-82
117            <meta-data
117-->[com.google.firebase:firebase-auth:21.0.1] AndroidManifest.xml:77:13-79:85
118                android:name="com.google.firebase.components:com.google.firebase.auth.FirebaseAuthRegistrar"
118-->[com.google.firebase:firebase-auth:21.0.1] AndroidManifest.xml:78:17-109
119                android:value="com.google.firebase.components.ComponentRegistrar" />
119-->[com.google.firebase:firebase-auth:21.0.1] AndroidManifest.xml:79:17-82
120            <meta-data
120-->[com.google.firebase:firebase-messaging:22.0.0] AndroidManifest.xml:52:13-54:85
121                android:name="com.google.firebase.components:com.google.firebase.messaging.FirebaseMessagingRegistrar"
121-->[com.google.firebase:firebase-messaging:22.0.0] AndroidManifest.xml:53:17-119
122                android:value="com.google.firebase.components.ComponentRegistrar" />
122-->[com.google.firebase:firebase-messaging:22.0.0] AndroidManifest.xml:54:17-82
123            <meta-data
123-->[com.google.firebase:firebase-database:20.0.0] AndroidManifest.xml:32:13-34:85
124                android:name="com.google.firebase.components:com.google.firebase.database.DatabaseRegistrar"
124-->[com.google.firebase:firebase-database:20.0.0] AndroidManifest.xml:33:17-109
125                android:value="com.google.firebase.components.ComponentRegistrar" />
125-->[com.google.firebase:firebase-database:20.0.0] AndroidManifest.xml:34:17-82
126            <meta-data
126-->[com.google.android.gms:play-services-measurement-api:19.0.0] AndroidManifest.xml:30:13-32:85
127                android:name="com.google.firebase.components:com.google.firebase.analytics.connector.internal.AnalyticsConnectorRegistrar"
127-->[com.google.android.gms:play-services-measurement-api:19.0.0] AndroidManifest.xml:31:17-139
128                android:value="com.google.firebase.components.ComponentRegistrar" />
128-->[com.google.android.gms:play-services-measurement-api:19.0.0] AndroidManifest.xml:32:17-82
129            <meta-data
129-->[com.google.firebase:firebase-datatransport:18.0.0] AndroidManifest.xml:28:13-30:85
130                android:name="com.google.firebase.components:com.google.firebase.datatransport.TransportRegistrar"
130-->[com.google.firebase:firebase-datatransport:18.0.0] AndroidManifest.xml:29:17-115
131                android:value="com.google.firebase.components.ComponentRegistrar" />
131-->[com.google.firebase:firebase-datatransport:18.0.0] AndroidManifest.xml:30:17-82
132            <meta-data
132-->[com.google.firebase:firebase-installations:17.0.0] AndroidManifest.xml:18:13-20:85
133                android:name="com.google.firebase.components:com.google.firebase.installations.FirebaseInstallationsRegistrar"
133-->[com.google.firebase:firebase-installations:17.0.0] AndroidManifest.xml:19:17-127
134                android:value="com.google.firebase.components.ComponentRegistrar" />
134-->[com.google.firebase:firebase-installations:17.0.0] AndroidManifest.xml:20:17-82
135        </service>
136        <service
136-->[:firebase_messaging] AndroidManifest.xml:12:9-15:72
137            android:name="io.flutter.plugins.firebase.messaging.FlutterFirebaseMessagingBackgroundService"
137-->[:firebase_messaging] AndroidManifest.xml:13:13-107
138            android:exported="false"
138-->[:firebase_messaging] AndroidManifest.xml:14:13-37
139            android:permission="android.permission.BIND_JOB_SERVICE" />
139-->[:firebase_messaging] AndroidManifest.xml:15:13-69
140        <service
140-->[:firebase_messaging] AndroidManifest.xml:16:9-22:19
141            android:name="io.flutter.plugins.firebase.messaging.FlutterFirebaseMessagingService"
141-->[:firebase_messaging] AndroidManifest.xml:17:13-97
142            android:exported="false" >
142-->[:firebase_messaging] AndroidManifest.xml:18:13-37
143            <intent-filter>
143-->[:firebase_messaging] AndroidManifest.xml:19:13-21:29
144                <action android:name="com.google.firebase.MESSAGING_EVENT" />
144-->[:firebase_messaging] AndroidManifest.xml:20:17-78
144-->[:firebase_messaging] AndroidManifest.xml:20:25-75
145            </intent-filter>
146        </service>
147
148        <receiver
148-->[:firebase_messaging] AndroidManifest.xml:24:9-31:20
149            android:name="io.flutter.plugins.firebase.messaging.FlutterFirebaseMessagingReceiver"
149-->[:firebase_messaging] AndroidManifest.xml:25:13-98
150            android:exported="true"
150-->[:firebase_messaging] AndroidManifest.xml:26:13-36
151            android:permission="com.google.android.c2dm.permission.SEND" >
151-->[:firebase_messaging] AndroidManifest.xml:27:13-73
152            <intent-filter>
152-->[:firebase_messaging] AndroidManifest.xml:28:13-30:29
153                <action android:name="com.google.android.c2dm.intent.RECEIVE" />
153-->[:firebase_messaging] AndroidManifest.xml:29:17-81
153-->[:firebase_messaging] AndroidManifest.xml:29:25-78
154            </intent-filter>
155        </receiver>
156
157        <provider
157-->[:firebase_messaging] AndroidManifest.xml:39:9-43:38
158            android:name="io.flutter.plugins.firebase.messaging.FlutterFirebaseMessagingInitProvider"
158-->[:firebase_messaging] AndroidManifest.xml:40:13-102
159            android:authorities="com.edentech.foodie.flutterfirebasemessaginginitprovider"
159-->[:firebase_messaging] AndroidManifest.xml:41:13-88
160            android:exported="false"
160-->[:firebase_messaging] AndroidManifest.xml:42:13-37
161            android:initOrder="99" />
161-->[:firebase_messaging] AndroidManifest.xml:43:13-35
162        <provider
162-->[:flutter_webview_plugin] AndroidManifest.xml:9:9-18:20
163            android:name="androidx.core.content.FileProvider"
163-->[:flutter_webview_plugin] AndroidManifest.xml:10:13-62
164            android:authorities="com.edentech.foodie.fileprovider"
164-->[:flutter_webview_plugin] AndroidManifest.xml:11:13-64
165            android:exported="false"
165-->[:flutter_webview_plugin] AndroidManifest.xml:12:13-37
166            android:grantUriPermissions="true" >
166-->[:flutter_webview_plugin] AndroidManifest.xml:13:13-47
167            <meta-data
167-->[:flutter_webview_plugin] AndroidManifest.xml:15:13-17:53
168                android:name="android.support.FILE_PROVIDER_PATHS"
168-->[:flutter_webview_plugin] AndroidManifest.xml:16:17-67
169                android:resource="@xml/filepaths" />
169-->[:flutter_webview_plugin] AndroidManifest.xml:17:17-50
170        </provider>
171
172        <activity
172-->[:url_launcher] AndroidManifest.xml:8:9-11:74
173            android:name="io.flutter.plugins.urllauncher.WebViewActivity"
173-->[:url_launcher] AndroidManifest.xml:9:13-74
174            android:exported="false"
174-->[:url_launcher] AndroidManifest.xml:10:13-37
175            android:theme="@android:style/Theme.NoTitleBar.Fullscreen" />
175-->[:url_launcher] AndroidManifest.xml:11:13-71
176        <activity
176-->[:razorpay_flutter] AndroidManifest.xml:8:9-11:20
177            android:name="com.razorpay.CheckoutActivity"
177-->[:razorpay_flutter] AndroidManifest.xml:9:13-57
178            android:configChanges="keyboard|keyboardHidden|orientation|screenSize"
178-->[com.razorpay:checkout:1.5.16] AndroidManifest.xml:20:13-83
179            android:label="Razorpay Checkout"
179-->[:razorpay_flutter] AndroidManifest.xml:10:13-46
180            android:theme="@style/CheckoutTheme" >
180-->[com.razorpay:checkout:1.5.16] AndroidManifest.xml:21:13-49
181            <intent-filter>
181-->[com.razorpay:checkout:1.5.16] AndroidManifest.xml:22:13-28:29
182                <action android:name="android.intent.action.MAIN" />
182-->src\main\AndroidManifest.xml:42:17-68
182-->src\main\AndroidManifest.xml:42:25-66
183
184                <data
184-->[:file_picker] AndroidManifest.xml:13:13-44
185                    android:host="rzp.io"
186                    android:scheme="io.rzp" />
187            </intent-filter>
188        </activity>
189
190        <service
190-->[:location] AndroidManifest.xml:11:9-15:56
191            android:name="com.lyokone.location.FlutterLocationService"
191-->[:location] AndroidManifest.xml:12:13-71
192            android:enabled="true"
192-->[:location] AndroidManifest.xml:13:13-35
193            android:exported="false"
193-->[:location] AndroidManifest.xml:14:13-37
194            android:foregroundServiceType="location" />
194-->[:location] AndroidManifest.xml:15:13-53
195
196        <activity
196-->[com.google.firebase:firebase-auth:21.0.1] AndroidManifest.xml:27:9-44:20
197            android:name="com.google.firebase.auth.internal.GenericIdpActivity"
197-->[com.google.firebase:firebase-auth:21.0.1] AndroidManifest.xml:28:13-80
198            android:excludeFromRecents="true"
198-->[com.google.firebase:firebase-auth:21.0.1] AndroidManifest.xml:29:13-46
199            android:exported="true"
199-->[com.google.firebase:firebase-auth:21.0.1] AndroidManifest.xml:30:13-36
200            android:launchMode="singleTask"
200-->[com.google.firebase:firebase-auth:21.0.1] AndroidManifest.xml:31:13-44
201            android:theme="@android:style/Theme.Translucent.NoTitleBar" >
201-->[com.google.firebase:firebase-auth:21.0.1] AndroidManifest.xml:32:13-72
202            <intent-filter>
202-->[com.google.firebase:firebase-auth:21.0.1] AndroidManifest.xml:33:13-43:29
203                <action android:name="android.intent.action.VIEW" />
203-->[com.google.firebase:firebase-auth:21.0.1] AndroidManifest.xml:34:17-69
203-->[com.google.firebase:firebase-auth:21.0.1] AndroidManifest.xml:34:25-66
204
205                <category android:name="android.intent.category.DEFAULT" />
205-->[com.google.firebase:firebase-auth:21.0.1] AndroidManifest.xml:36:17-76
205-->[com.google.firebase:firebase-auth:21.0.1] AndroidManifest.xml:36:27-73
206                <category android:name="android.intent.category.BROWSABLE" />
206-->[com.google.firebase:firebase-auth:21.0.1] AndroidManifest.xml:37:17-78
206-->[com.google.firebase:firebase-auth:21.0.1] AndroidManifest.xml:37:27-75
207
208                <data
208-->[:file_picker] AndroidManifest.xml:13:13-44
209                    android:host="firebase.auth"
210                    android:path="/"
211                    android:scheme="genericidp" />
212            </intent-filter>
213        </activity>
214        <activity
214-->[com.google.firebase:firebase-auth:21.0.1] AndroidManifest.xml:45:9-62:20
215            android:name="com.google.firebase.auth.internal.RecaptchaActivity"
215-->[com.google.firebase:firebase-auth:21.0.1] AndroidManifest.xml:46:13-79
216            android:excludeFromRecents="true"
216-->[com.google.firebase:firebase-auth:21.0.1] AndroidManifest.xml:47:13-46
217            android:exported="true"
217-->[com.google.firebase:firebase-auth:21.0.1] AndroidManifest.xml:48:13-36
218            android:launchMode="singleTask"
218-->[com.google.firebase:firebase-auth:21.0.1] AndroidManifest.xml:49:13-44
219            android:theme="@android:style/Theme.Translucent.NoTitleBar" >
219-->[com.google.firebase:firebase-auth:21.0.1] AndroidManifest.xml:50:13-72
220            <intent-filter>
220-->[com.google.firebase:firebase-auth:21.0.1] AndroidManifest.xml:51:13-61:29
221                <action android:name="android.intent.action.VIEW" />
221-->[com.google.firebase:firebase-auth:21.0.1] AndroidManifest.xml:34:17-69
221-->[com.google.firebase:firebase-auth:21.0.1] AndroidManifest.xml:34:25-66
222
223                <category android:name="android.intent.category.DEFAULT" />
223-->[com.google.firebase:firebase-auth:21.0.1] AndroidManifest.xml:36:17-76
223-->[com.google.firebase:firebase-auth:21.0.1] AndroidManifest.xml:36:27-73
224                <category android:name="android.intent.category.BROWSABLE" />
224-->[com.google.firebase:firebase-auth:21.0.1] AndroidManifest.xml:37:17-78
224-->[com.google.firebase:firebase-auth:21.0.1] AndroidManifest.xml:37:27-75
225
226                <data
226-->[:file_picker] AndroidManifest.xml:13:13-44
227                    android:host="firebase.auth"
228                    android:path="/"
229                    android:scheme="recaptcha" />
230            </intent-filter>
231        </activity>
232
233        <service
233-->[com.google.firebase:firebase-auth:21.0.1] AndroidManifest.xml:64:9-73:19
234            android:name="com.google.firebase.auth.api.fallback.service.FirebaseAuthFallbackService"
234-->[com.google.firebase:firebase-auth:21.0.1] AndroidManifest.xml:65:13-101
235            android:enabled="true"
235-->[com.google.firebase:firebase-auth:21.0.1] AndroidManifest.xml:66:13-35
236            android:exported="false" >
236-->[com.google.firebase:firebase-auth:21.0.1] AndroidManifest.xml:67:13-37
237            <intent-filter>
237-->[com.google.firebase:firebase-auth:21.0.1] AndroidManifest.xml:68:13-72:29
238                <action android:name="com.google.firebase.auth.api.gms.service.START" />
238-->[com.google.firebase:firebase-auth:21.0.1] AndroidManifest.xml:69:17-89
238-->[com.google.firebase:firebase-auth:21.0.1] AndroidManifest.xml:69:25-86
239
240                <category android:name="android.intent.category.DEFAULT" />
240-->[com.google.firebase:firebase-auth:21.0.1] AndroidManifest.xml:36:17-76
240-->[com.google.firebase:firebase-auth:21.0.1] AndroidManifest.xml:36:27-73
241            </intent-filter>
242        </service>
243
244        <receiver
244-->[com.google.firebase:firebase-messaging:22.0.0] AndroidManifest.xml:28:9-35:20
245            android:name="com.google.firebase.iid.FirebaseInstanceIdReceiver"
245-->[com.google.firebase:firebase-messaging:22.0.0] AndroidManifest.xml:29:13-78
246            android:exported="true"
246-->[com.google.firebase:firebase-messaging:22.0.0] AndroidManifest.xml:30:13-36
247            android:permission="com.google.android.c2dm.permission.SEND" >
247-->[com.google.firebase:firebase-messaging:22.0.0] AndroidManifest.xml:31:13-73
248            <intent-filter>
248-->[:firebase_messaging] AndroidManifest.xml:28:13-30:29
249                <action android:name="com.google.android.c2dm.intent.RECEIVE" />
249-->[:firebase_messaging] AndroidManifest.xml:29:17-81
249-->[:firebase_messaging] AndroidManifest.xml:29:25-78
250            </intent-filter>
251        </receiver>
252        <!--
253             FirebaseMessagingService performs security checks at runtime,
254             but set to not exported to explicitly avoid allowing another app to call it.
255        -->
256        <service
256-->[com.google.firebase:firebase-messaging:22.0.0] AndroidManifest.xml:41:9-48:19
257            android:name="com.google.firebase.messaging.FirebaseMessagingService"
257-->[com.google.firebase:firebase-messaging:22.0.0] AndroidManifest.xml:42:13-82
258            android:directBootAware="true"
258-->[com.google.firebase:firebase-messaging:22.0.0] AndroidManifest.xml:43:13-43
259            android:exported="false" >
259-->[com.google.firebase:firebase-messaging:22.0.0] AndroidManifest.xml:44:13-37
260            <intent-filter android:priority="-500" >
260-->[:firebase_messaging] AndroidManifest.xml:19:13-21:29
261                <action android:name="com.google.firebase.MESSAGING_EVENT" />
261-->[:firebase_messaging] AndroidManifest.xml:20:17-78
261-->[:firebase_messaging] AndroidManifest.xml:20:25-75
262            </intent-filter>
263        </service>
264
265        <provider
265-->[com.google.firebase:firebase-common:20.0.0] AndroidManifest.xml:26:9-31:39
266            android:name="com.google.firebase.provider.FirebaseInitProvider"
266-->[com.google.firebase:firebase-common:20.0.0] AndroidManifest.xml:27:13-77
267            android:authorities="com.edentech.foodie.firebaseinitprovider"
267-->[com.google.firebase:firebase-common:20.0.0] AndroidManifest.xml:28:13-72
268            android:directBootAware="true"
268-->[com.google.firebase:firebase-common:20.0.0] AndroidManifest.xml:29:13-43
269            android:exported="false"
269-->[com.google.firebase:firebase-common:20.0.0] AndroidManifest.xml:30:13-37
270            android:initOrder="100" />
270-->[com.google.firebase:firebase-common:20.0.0] AndroidManifest.xml:31:13-36
271
272        <receiver
272-->[com.google.android.gms:play-services-measurement:19.0.0] AndroidManifest.xml:29:9-33:20
273            android:name="com.google.android.gms.measurement.AppMeasurementReceiver"
273-->[com.google.android.gms:play-services-measurement:19.0.0] AndroidManifest.xml:30:13-85
274            android:enabled="true"
274-->[com.google.android.gms:play-services-measurement:19.0.0] AndroidManifest.xml:31:13-35
275            android:exported="false" >
275-->[com.google.android.gms:play-services-measurement:19.0.0] AndroidManifest.xml:32:13-37
276        </receiver>
277
278        <service
278-->[com.google.android.gms:play-services-measurement:19.0.0] AndroidManifest.xml:35:9-38:40
279            android:name="com.google.android.gms.measurement.AppMeasurementService"
279-->[com.google.android.gms:play-services-measurement:19.0.0] AndroidManifest.xml:36:13-84
280            android:enabled="true"
280-->[com.google.android.gms:play-services-measurement:19.0.0] AndroidManifest.xml:37:13-35
281            android:exported="false" />
281-->[com.google.android.gms:play-services-measurement:19.0.0] AndroidManifest.xml:38:13-37
282        <service
282-->[com.google.android.gms:play-services-measurement:19.0.0] AndroidManifest.xml:39:9-43:72
283            android:name="com.google.android.gms.measurement.AppMeasurementJobService"
283-->[com.google.android.gms:play-services-measurement:19.0.0] AndroidManifest.xml:40:13-87
284            android:enabled="true"
284-->[com.google.android.gms:play-services-measurement:19.0.0] AndroidManifest.xml:41:13-35
285            android:exported="false"
285-->[com.google.android.gms:play-services-measurement:19.0.0] AndroidManifest.xml:42:13-37
286            android:permission="android.permission.BIND_JOB_SERVICE" /> <!-- Needs to be explicitly declared on P+ -->
286-->[com.google.android.gms:play-services-measurement:19.0.0] AndroidManifest.xml:43:13-69
287        <uses-library
287-->[com.google.android.gms:play-services-maps:17.0.0] AndroidManifest.xml:33:9-35:40
288            android:name="org.apache.http.legacy"
288-->[com.google.android.gms:play-services-maps:17.0.0] AndroidManifest.xml:34:13-50
289            android:required="false" />
289-->[com.google.android.gms:play-services-maps:17.0.0] AndroidManifest.xml:35:13-37
290
291        <activity
291-->[com.google.android.gms:play-services-auth:16.0.1] AndroidManifest.xml:23:9-27:75
292            android:name="com.google.android.gms.auth.api.signin.internal.SignInHubActivity"
292-->[com.google.android.gms:play-services-auth:16.0.1] AndroidManifest.xml:24:13-93
293            android:excludeFromRecents="true"
293-->[com.google.android.gms:play-services-auth:16.0.1] AndroidManifest.xml:25:13-46
294            android:exported="false"
294-->[com.google.android.gms:play-services-auth:16.0.1] AndroidManifest.xml:26:13-37
295            android:theme="@android:style/Theme.Translucent.NoTitleBar" />
295-->[com.google.android.gms:play-services-auth:16.0.1] AndroidManifest.xml:27:13-72
296        <!--
297            Service handling Google Sign-In user revocation. For apps that do not integrate with
298            Google Sign-In, this service will never be started.
299        -->
300        <service
300-->[com.google.android.gms:play-services-auth:16.0.1] AndroidManifest.xml:33:9-36:110
301            android:name="com.google.android.gms.auth.api.signin.RevocationBoundService"
301-->[com.google.android.gms:play-services-auth:16.0.1] AndroidManifest.xml:34:13-89
302            android:exported="true"
302-->[com.google.android.gms:play-services-auth:16.0.1] AndroidManifest.xml:35:13-36